<?xml version="1.0" encoding="UTF-8"?>
<!-- Generated by org.testng.reporters.JUnitReportReporter -->
<testsuite hostname="Amins-MacBook-Pro.local" failures="0" tests="1" name="Rasmi" time="4.952" errors="0" timestamp="12 May 2018 17:09:05 GMT" skipped="0">
  <testcase classname="Rasmi" name="maventest" time="4.952"/>
</testsuite> <!-- Rasmi -->
