<?xml version="1.0" encoding="UTF-8"?>
<!-- Generated by org.testng.reporters.JUnitReportReporter -->
<testsuite hostname="Amins-MacBook-Pro.local" failures="0" tests="1" name="first" time="3.938" errors="0" timestamp="12 May 2018 16:11:35 GMT" skipped="0">
  <testcase classname="first" name="maventest" time="3.938"/>
</testsuite> <!-- first -->
