<?xml version="1.0" encoding="UTF-8"?>
<!-- Generated by org.testng.reporters.JUnitReportReporter -->
<testsuite hostname="Amins-MacBook-Pro.local" failures="0" tests="1" name="mvnOne" time="3.929" errors="0" timestamp="12 May 2018 17:21:57 GMT" skipped="0">
  <testcase classname="mvnOne" name="mavTwo" time="3.929"/>
</testsuite> <!-- mvnOne -->
